<?xml version="1.0" encoding="UTF-8"?>
<testng-results skipped="0" failed="0" ignored="0" total="1" passed="1">
  <reporter-output>
  </reporter-output>
  <suite name="Suite" duration-ms="34085" started-at="2021-05-07T14:38:54 IST" finished-at="2021-05-07T14:39:28 IST">
    <groups>
    </groups>
    <test name="on firefox" duration-ms="34085" started-at="2021-05-07T14:38:54 IST" finished-at="2021-05-07T14:39:28 IST">
      <class name="com.ebanking.master.Grid">
        <test-method status="PASS" signature="Grd(java.lang.String)[pri:0, instance:com.ebanking.master.Grid@7b49cea0]" name="Grd" duration-ms="34007" started-at="2021-05-07T14:38:54 IST" finished-at="2021-05-07T14:39:28 IST">
          <params>
            <param index="0">
              <value>
                <![CDATA[firefox]]>
              </value>
            </param>
          </params>
          <reporter-output>
          </reporter-output>
        </test-method> <!-- Grd -->
      </class> <!-- com.ebanking.master.Grid -->
    </test> <!-- on firefox -->
  </suite> <!-- Suite -->
</testng-results>
